<?xml version="1.0" encoding="UTF-8"?>
<!-- Generated by org.testng.reporters.JUnitReportReporter -->
<testsuite hostname="DESKTOP-GO5PBTN" failures="0" tests="3" name="com.aairlines.qa.testcases.HomePageTest" time="49.940" errors="0" timestamp="19 Dec 2020 18:56:04 GMT" skipped="0">
  <testcase classname="com.aairlines.qa.testcases.HomePageTest" name="homePageTitleTest" time="9.414"/>
  <testcase classname="com.aairlines.qa.testcases.HomePageTest" name="homePageLogoTest" time="14.468"/>
  <testcase classname="com.aairlines.qa.testcases.HomePageTest" name="bookFlightTest" time="26.058"/>
</testsuite> <!-- com.aairlines.qa.testcases.HomePageTest -->
