<?xml version="1.0" encoding="UTF-8"?>
<!-- Generated by org.testng.reporters.JUnitReportReporter -->
<testsuite hostname="DESKTOP-GO5PBTN" failures="0" tests="3" name="com.aairlines.qa.testcases.AmericanAirlinesHomePageTest" time="55.312" errors="0" timestamp="19 Dec 2020 21:20:46 GMT" skipped="0">
  <testcase classname="com.aairlines.qa.testcases.AmericanAirlinesHomePageTest" name="homePageTitleTest" time="11.118"/>
  <testcase classname="com.aairlines.qa.testcases.AmericanAirlinesHomePageTest" name="homePageLogoTest" time="17.270"/>
  <testcase classname="com.aairlines.qa.testcases.AmericanAirlinesHomePageTest" name="bookFlightTest" time="26.924"/>
</testsuite> <!-- com.aairlines.qa.testcases.AmericanAirlinesHomePageTest -->
